<?xml version="1.0" encoding="UTF-8"?>
<testng-results skipped="0" failed="0" ignored="0" total="1" passed="1">
  <reporter-output>
  </reporter-output>
  <suite name="Default suite" duration-ms="63" started-at="2017-10-12T10:44:39Z" finished-at="2017-10-12T10:44:39Z">
    <groups>
    </groups>
    <test name="Default test" duration-ms="63" started-at="2017-10-12T10:44:39Z" finished-at="2017-10-12T10:44:39Z">
      <class name="StringInJava.SplitMethod">
        <test-method status="PASS" signature="Split()[pri:0, instance:StringInJava.SplitMethod@48eff760]" name="Split" duration-ms="14" started-at="2017-10-12T16:14:39Z" finished-at="2017-10-12T16:14:39Z">
          <reporter-output>
          </reporter-output>
        </test-method> <!-- Split -->
      </class> <!-- StringInJava.SplitMethod -->
    </test> <!-- Default test -->
  </suite> <!-- Default suite -->
</testng-results>
